<?xml version='1.0' encoding='UTF-8'?>
<testsuite hostname="frascati" name="src.test.scala.ReadSerialTester" tests="1" errors="0" failures="1" skipped="0" time="3.6" timestamp="2024-03-23T13:18:14">
                     <properties>
[...]
</properties>
                     <testcase classname="src.test.scala.ReadSerialTester" name="ReadSerial should work" time="3.6">
                                                 <failure message="io_valid=0 (0x0) did not equal expected=1 (0x1) (lines in ReadSerialTester.scala: 21)" type="org.scalatest.exceptions.TestFailedException">org.scalatest.exceptions.TestFailedException: io_valid=0 (0x0) did not equal expected=1 (0x1) (lines in ReadSerialTester.scala: 21)
	at chiseltest.internal.TestEnvInterface.testerExpect(TestEnvInterface.scala:90)
	at chiseltest.internal.TestEnvInterface.testerExpect$(TestEnvInterface.scala:53)
	at src.test.scala.ReadSerialTester.testerExpect(ReadSerialTester.scala:18)
	at chiseltest.internal.GenericBackend.expectBits(GenericBackend.scala:94)
	at chiseltest.package$testableData.expectWithStale(package.scala:216)
	at chiseltest.package$testableData.expect(package.scala:248)
	at src.test.scala.ReadSerialTester.$anonfun$new$3(ReadSerialTester.scala:69)
	at src.test.scala.ReadSerialTester.$anonfun$new$3$adapted(ReadSerialTester.scala:21)
	at chiseltest.internal.GenericBackend.$anonfun$run$1(GenericBackend.scala:166)
	at chiseltest.internal.ThreadedBackend$TesterThread$$anon$1.$anonfun$run$1(ThreadedBackend.scala:495)
	at chiseltest.internal.GenericBackend.doTimescope(GenericBackend.scala:111)
	at chiseltest.internal.ThreadedBackend$TesterThread$$anon$1.run(ThreadedBackend.scala:495)
	at java.base/java.lang.Thread.run(Thread.java:829)
Caused by: chiseltest.internal.FailedExpectException: io_valid=0 (0x0) did not equal expected=1 (0x1) (lines in ReadSerialTester.scala: 21)
	... 13 more
</failure>
                                               </testcase>
                     <system-out><![CDATA[]]></system-out>
                     <system-err><![CDATA[]]></system-err>
                   </testsuite>